{"D:\\projects\\productivity\\first react project\\src\\App.jsx": {"path":"D:\\projects\\productivity\\first react project\\src\\App.jsx","statementMap":{"0":{"start":{"line":14,"column":12},"end":{"line":26,"column":1}},"1":{"start":{"line":16,"column":18},"end":{"line":24,"column":6}},"2":{"start":{"line":25,"column":2},"end":{"line":25,"column":16}}},"fnMap":{"0":{"name":"(anonymous_0)","decl":{"start":{"line":14,"column":12},"end":{"line":14,"column":13}},"loc":{"start":{"line":14,"column":18},"end":{"line":26,"column":1}},"line":14}},"branchMap":{},"s":{"0":1,"1":1,"2":1},"f":{"0":1},"b":{},"_coverageSchema":"1a1c01bbd47fc00a2c39e90264f33305004495a9","hash":"3e6d8fcd1a0dd6686bf753bc623d7e25d593f1a6"}
,"D:\\projects\\productivity\\first react project\\src\\main.jsx": {"path":"D:\\projects\\productivity\\first react project\\src\\main.jsx","statementMap":{"0":{"start":{"line":7,"column":0},"end":{"line":11,"column":1}}},"fnMap":{},"branchMap":{},"s":{"0":0},"f":{},"b":{}}
,"D:\\projects\\productivity\\first react project\\src\\finance\\AddNew.jsx": {"path":"D:\\projects\\productivity\\first react project\\src\\finance\\AddNew.jsx","statementMap":{"0":{"start":{"line":4,"column":4},"end":{"line":9,"column":5}}},"fnMap":{"0":{"name":"AddNew","decl":{"start":{"line":3,"column":16},"end":{"line":3,"column":22}},"loc":{"start":{"line":3,"column":25},"end":{"line":10,"column":1}},"line":3}},"branchMap":{},"s":{"0":0},"f":{"0":0},"b":{},"_coverageSchema":"1a1c01bbd47fc00a2c39e90264f33305004495a9","hash":"292e13f4a7abf243cfe585b589cf84e03289da88"}
,"D:\\projects\\productivity\\first react project\\src\\finance\\AllRecords.jsx": {"path":"D:\\projects\\productivity\\first react project\\src\\finance\\AllRecords.jsx","statementMap":{"0":{"start":{"line":2,"column":4},"end":{"line":2,"column":38}}},"fnMap":{"0":{"name":"AllRecords","decl":{"start":{"line":1,"column":16},"end":{"line":1,"column":26}},"loc":{"start":{"line":1,"column":29},"end":{"line":3,"column":1}},"line":1}},"branchMap":{},"s":{"0":0},"f":{"0":0},"b":{},"_coverageSchema":"1a1c01bbd47fc00a2c39e90264f33305004495a9","hash":"54c3a01d0e4525f9fdb312ab2569e2bb0da68b4f"}
,"D:\\projects\\productivity\\first react project\\src\\finance\\FinanceApp.jsx": {"path":"D:\\projects\\productivity\\first react project\\src\\finance\\FinanceApp.jsx","statementMap":{"0":{"start":{"line":8,"column":16},"end":{"line":12,"column":1}},"1":{"start":{"line":15,"column":34},"end":{"line":15,"column":56}},"2":{"start":{"line":16,"column":60},"end":{"line":16,"column":75}},"3":{"start":{"line":17,"column":62},"end":{"line":17,"column":77}},"4":{"start":{"line":19,"column":4},"end":{"line":19,"column":19}},"5":{"start":{"line":21,"column":2},"end":{"line":31,"column":17}},"6":{"start":{"line":22,"column":4},"end":{"line":24,"column":41}},"7":{"start":{"line":25,"column":4},"end":{"line":27,"column":40}},"8":{"start":{"line":28,"column":4},"end":{"line":30,"column":45}},"9":{"start":{"line":33,"column":26},"end":{"line":36,"column":3}},"10":{"start":{"line":34,"column":4},"end":{"line":34,"column":38}},"11":{"start":{"line":35,"column":4},"end":{"line":35,"column":58}},"12":{"start":{"line":38,"column":2},"end":{"line":53,"column":4}}},"fnMap":{"0":{"name":"FinanceApp","decl":{"start":{"line":14,"column":16},"end":{"line":14,"column":26}},"loc":{"start":{"line":14,"column":29},"end":{"line":54,"column":1}},"line":14},"1":{"name":"(anonymous_1)","decl":{"start":{"line":21,"column":12},"end":{"line":21,"column":13}},"loc":{"start":{"line":21,"column":18},"end":{"line":31,"column":3}},"line":21},"2":{"name":"(anonymous_2)","decl":{"start":{"line":33,"column":26},"end":{"line":33,"column":27}},"loc":{"start":{"line":33,"column":46},"end":{"line":36,"column":3}},"line":33}},"branchMap":{"0":{"loc":{"start":{"line":22,"column":4},"end":{"line":24,"column":40}},"type":"cond-expr","locations":[{"start":{"line":23,"column":8},"end":{"line":23,"column":39}},{"start":{"line":24,"column":8},"end":{"line":24,"column":40}}],"line":22},"1":{"loc":{"start":{"line":25,"column":4},"end":{"line":27,"column":39}},"type":"cond-expr","locations":[{"start":{"line":26,"column":8},"end":{"line":26,"column":38}},{"start":{"line":27,"column":8},"end":{"line":27,"column":39}}],"line":25},"2":{"loc":{"start":{"line":28,"column":4},"end":{"line":30,"column":44}},"type":"cond-expr","locations":[{"start":{"line":29,"column":8},"end":{"line":29,"column":43}},{"start":{"line":30,"column":8},"end":{"line":30,"column":44}}],"line":28},"3":{"loc":{"start":{"line":48,"column":9},"end":{"line":48,"column":45}},"type":"binary-expr","locations":[{"start":{"line":48,"column":9},"end":{"line":48,"column":31}},{"start":{"line":48,"column":35},"end":{"line":48,"column":45}}],"line":48},"4":{"loc":{"start":{"line":49,"column":9},"end":{"line":49,"column":53}},"type":"binary-expr","locations":[{"start":{"line":49,"column":9},"end":{"line":49,"column":35}},{"start":{"line":49,"column":39},"end":{"line":49,"column":53}}],"line":49},"5":{"loc":{"start":{"line":50,"column":9},"end":{"line":50,"column":43}},"type":"binary-expr","locations":[{"start":{"line":50,"column":9},"end":{"line":50,"column":30}},{"start":{"line":50,"column":34},"end":{"line":50,"column":43}}],"line":50}},"s":{"0":1,"1":0,"2":0,"3":0,"4":0,"5":0,"6":0,"7":0,"8":0,"9":0,"10":0,"11":0,"12":0},"f":{"0":0,"1":0,"2":0},"b":{"0":[0,0],"1":[0,0],"2":[0,0],"3":[0,0],"4":[0,0],"5":[0,0]},"_coverageSchema":"1a1c01bbd47fc00a2c39e90264f33305004495a9","hash":"f49d229a60cfbd43dba1eb243c6017de809ef7a5"}
,"D:\\projects\\productivity\\first react project\\src\\finance\\NewSpendingForm.jsx": {"path":"D:\\projects\\productivity\\first react project\\src\\finance\\NewSpendingForm.jsx","statementMap":{"0":{"start":{"line":4,"column":28},"end":{"line":4,"column":40}},"1":{"start":{"line":5,"column":26},"end":{"line":5,"column":38}},"2":{"start":{"line":6,"column":30},"end":{"line":6,"column":41}},"3":{"start":{"line":9,"column":4},"end":{"line":9,"column":23}},"4":{"start":{"line":10,"column":4},"end":{"line":10,"column":43}},"5":{"start":{"line":10,"column":37},"end":{"line":10,"column":43}},"6":{"start":{"line":11,"column":4},"end":{"line":11,"column":26}},"7":{"start":{"line":15,"column":2},"end":{"line":35,"column":4}},"8":{"start":{"line":19,"column":25},"end":{"line":19,"column":49}},"9":{"start":{"line":28,"column":25},"end":{"line":28,"column":48}}},"fnMap":{"0":{"name":"NewSpendingForm","decl":{"start":{"line":3,"column":16},"end":{"line":3,"column":31}},"loc":{"start":{"line":3,"column":46},"end":{"line":36,"column":1}},"line":3},"1":{"name":"handleSubmit","decl":{"start":{"line":8,"column":11},"end":{"line":8,"column":23}},"loc":{"start":{"line":8,"column":27},"end":{"line":13,"column":4}},"line":8},"2":{"name":"(anonymous_2)","decl":{"start":{"line":19,"column":18},"end":{"line":19,"column":19}},"loc":{"start":{"line":19,"column":25},"end":{"line":19,"column":49}},"line":19},"3":{"name":"(anonymous_3)","decl":{"start":{"line":28,"column":18},"end":{"line":28,"column":19}},"loc":{"start":{"line":28,"column":25},"end":{"line":28,"column":48}},"line":28}},"branchMap":{"0":{"loc":{"start":{"line":10,"column":4},"end":{"line":10,"column":43}},"type":"if","locations":[{"start":{"line":10,"column":4},"end":{"line":10,"column":43}},{"start":{},"end":{}}],"line":10},"1":{"loc":{"start":{"line":10,"column":8},"end":{"line":10,"column":35}},"type":"binary-expr","locations":[{"start":{"line":10,"column":8},"end":{"line":10,"column":19}},{"start":{"line":10,"column":23},"end":{"line":10,"column":35}}],"line":10}},"s":{"0":0,"1":0,"2":0,"3":0,"4":0,"5":0,"6":0,"7":0,"8":0,"9":0},"f":{"0":0,"1":0,"2":0,"3":0},"b":{"0":[0,0],"1":[0,0]},"_coverageSchema":"1a1c01bbd47fc00a2c39e90264f33305004495a9","hash":"32956635ca1fc0840fda032e393fc67fc7faae2d"}
,"D:\\projects\\productivity\\first react project\\src\\finance\\Stats.jsx": {"path":"D:\\projects\\productivity\\first react project\\src\\finance\\Stats.jsx","statementMap":{"0":{"start":{"line":2,"column":4},"end":{"line":6,"column":5}}},"fnMap":{"0":{"name":"Stats","decl":{"start":{"line":1,"column":16},"end":{"line":1,"column":21}},"loc":{"start":{"line":1,"column":24},"end":{"line":7,"column":1}},"line":1}},"branchMap":{},"s":{"0":0},"f":{"0":0},"b":{},"_coverageSchema":"1a1c01bbd47fc00a2c39e90264f33305004495a9","hash":"69e3597b1b8ad9e5491338c4fba39043432d1902"}
,"D:\\projects\\productivity\\first react project\\src\\global\\AddElement.jsx": {"path":"D:\\projects\\productivity\\first react project\\src\\global\\AddElement.jsx","statementMap":{"0":{"start":{"line":4,"column":34},"end":{"line":4,"column":46}},"1":{"start":{"line":7,"column":8},"end":{"line":7,"column":27}},"2":{"start":{"line":8,"column":8},"end":{"line":8,"column":34}},"3":{"start":{"line":8,"column":28},"end":{"line":8,"column":34}},"4":{"start":{"line":9,"column":8},"end":{"line":9,"column":26}},"5":{"start":{"line":10,"column":8},"end":{"line":10,"column":23}},"6":{"start":{"line":13,"column":4},"end":{"line":22,"column":9}},"7":{"start":{"line":16,"column":27},"end":{"line":16,"column":53}}},"fnMap":{"0":{"name":"AddElement","decl":{"start":{"line":3,"column":16},"end":{"line":3,"column":26}},"loc":{"start":{"line":3,"column":39},"end":{"line":23,"column":1}},"line":3},"1":{"name":"handleSubmit","decl":{"start":{"line":6,"column":13},"end":{"line":6,"column":25}},"loc":{"start":{"line":6,"column":29},"end":{"line":11,"column":7}},"line":6},"2":{"name":"(anonymous_2)","decl":{"start":{"line":16,"column":20},"end":{"line":16,"column":21}},"loc":{"start":{"line":16,"column":27},"end":{"line":16,"column":53}},"line":16}},"branchMap":{"0":{"loc":{"start":{"line":8,"column":8},"end":{"line":8,"column":34}},"type":"if","locations":[{"start":{"line":8,"column":8},"end":{"line":8,"column":34}},{"start":{},"end":{}}],"line":8}},"s":{"0":0,"1":0,"2":0,"3":0,"4":0,"5":0,"6":0,"7":0},"f":{"0":0,"1":0,"2":0},"b":{"0":[0,0]}}
,"D:\\projects\\productivity\\first react project\\src\\global\\Menu.jsx": {"path":"D:\\projects\\productivity\\first react project\\src\\global\\Menu.jsx","statementMap":{"0":{"start":{"line":3,"column":13},"end":{"line":28,"column":1}},"1":{"start":{"line":31,"column":17},"end":{"line":31,"column":31}},"2":{"start":{"line":32,"column":2},"end":{"line":40,"column":4}},"3":{"start":{"line":35,"column":6},"end":{"line":37,"column":11}}},"fnMap":{"0":{"name":"Menu","decl":{"start":{"line":30,"column":16},"end":{"line":30,"column":20}},"loc":{"start":{"line":30,"column":23},"end":{"line":41,"column":1}},"line":30},"1":{"name":"(anonymous_1)","decl":{"start":{"line":34,"column":18},"end":{"line":34,"column":19}},"loc":{"start":{"line":35,"column":6},"end":{"line":37,"column":11}},"line":35}},"branchMap":{},"s":{"0":1,"1":3,"2":3,"3":18},"f":{"0":3,"1":18},"b":{},"_coverageSchema":"1a1c01bbd47fc00a2c39e90264f33305004495a9","hash":"7a2363ecd8a335f376d6fd06f00a1aa2ad921bae"}
,"D:\\projects\\productivity\\first react project\\src\\habits\\ChangeDateForm.jsx": {"path":"D:\\projects\\productivity\\first react project\\src\\habits\\ChangeDateForm.jsx","statementMap":{"0":{"start":{"line":4,"column":32},"end":{"line":4,"column":44}},"1":{"start":{"line":6,"column":4},"end":{"line":6,"column":23}},"2":{"start":{"line":7,"column":4},"end":{"line":7,"column":31}},"3":{"start":{"line":7,"column":24},"end":{"line":7,"column":31}},"4":{"start":{"line":8,"column":4},"end":{"line":8,"column":22}},"5":{"start":{"line":11,"column":2},"end":{"line":21,"column":4}},"6":{"start":{"line":17,"column":25},"end":{"line":17,"column":51}}},"fnMap":{"0":{"name":"ChangeDateForm","decl":{"start":{"line":3,"column":16},"end":{"line":3,"column":30}},"loc":{"start":{"line":3,"column":45},"end":{"line":22,"column":1}},"line":3},"1":{"name":"handleSubmit","decl":{"start":{"line":5,"column":11},"end":{"line":5,"column":23}},"loc":{"start":{"line":5,"column":27},"end":{"line":9,"column":3}},"line":5},"2":{"name":"(anonymous_2)","decl":{"start":{"line":17,"column":18},"end":{"line":17,"column":19}},"loc":{"start":{"line":17,"column":25},"end":{"line":17,"column":51}},"line":17}},"branchMap":{"0":{"loc":{"start":{"line":7,"column":4},"end":{"line":7,"column":31}},"type":"if","locations":[{"start":{"line":7,"column":4},"end":{"line":7,"column":31}},{"start":{},"end":{}}],"line":7}},"s":{"0":0,"1":0,"2":0,"3":0,"4":0,"5":0,"6":0},"f":{"0":0,"1":0,"2":0},"b":{"0":[0,0]},"_coverageSchema":"1a1c01bbd47fc00a2c39e90264f33305004495a9","hash":"0d2062c354b36cc419f9ea5c8beaeb1c3128aed4"}
,"D:\\projects\\productivity\\first react project\\src\\habits\\HabitLine.jsx": {"path":"D:\\projects\\productivity\\first react project\\src\\habits\\HabitLine.jsx","statementMap":{"0":{"start":{"line":4,"column":0},"end":{"line":4,"column":45}},"1":{"start":{"line":5,"column":2},"end":{"line":33,"column":4}},"2":{"start":{"line":12,"column":26},"end":{"line":12,"column":73}},"3":{"start":{"line":12,"column":52},"end":{"line":12,"column":72}},"4":{"start":{"line":13,"column":8},"end":{"line":13,"column":62}},"5":{"start":{"line":14,"column":6},"end":{"line":21,"column":14}},"6":{"start":{"line":19,"column":61},"end":{"line":19,"column":95}},"7":{"start":{"line":20,"column":27},"end":{"line":20,"column":46}},"8":{"start":{"line":26,"column":25},"end":{"line":26,"column":59}}},"fnMap":{"0":{"name":"HabitLine","decl":{"start":{"line":3,"column":16},"end":{"line":3,"column":25}},"loc":{"start":{"line":3,"column":94},"end":{"line":34,"column":1}},"line":3},"1":{"name":"(anonymous_1)","decl":{"start":{"line":10,"column":33},"end":{"line":10,"column":34}},"loc":{"start":{"line":10,"column":45},"end":{"line":22,"column":1}},"line":10},"2":{"name":"(anonymous_2)","decl":{"start":{"line":12,"column":42},"end":{"line":12,"column":43}},"loc":{"start":{"line":12,"column":52},"end":{"line":12,"column":72}},"line":12},"3":{"name":"(anonymous_3)","decl":{"start":{"line":19,"column":51},"end":{"line":19,"column":52}},"loc":{"start":{"line":19,"column":61},"end":{"line":19,"column":95}},"line":19},"4":{"name":"(anonymous_4)","decl":{"start":{"line":20,"column":20},"end":{"line":20,"column":21}},"loc":{"start":{"line":20,"column":27},"end":{"line":20,"column":46}},"line":20},"5":{"name":"(anonymous_5)","decl":{"start":{"line":26,"column":19},"end":{"line":26,"column":20}},"loc":{"start":{"line":26,"column":25},"end":{"line":26,"column":59}},"line":26}},"branchMap":{},"s":{"0":0,"1":0,"2":0,"3":0,"4":0,"5":0,"6":0,"7":0,"8":0},"f":{"0":0,"1":0,"2":0,"3":0,"4":0,"5":0},"b":{},"_coverageSchema":"1a1c01bbd47fc00a2c39e90264f33305004495a9","hash":"bd82160f50e5e9d248bc42e4fd67ace537153715"}
,"D:\\projects\\productivity\\first react project\\src\\habits\\HabitList.jsx": {"path":"D:\\projects\\productivity\\first react project\\src\\habits\\HabitList.jsx","statementMap":{"0":{"start":{"line":4,"column":13},"end":{"line":4,"column":62}},"1":{"start":{"line":10,"column":15},"end":{"line":10,"column":34}},"2":{"start":{"line":11,"column":17},"end":{"line":14,"column":3}},"3":{"start":{"line":13,"column":14},"end":{"line":13,"column":43}},"4":{"start":{"line":15,"column":19},"end":{"line":20,"column":4}},"5":{"start":{"line":16,"column":18},"end":{"line":16,"column":37}},"6":{"start":{"line":17,"column":4},"end":{"line":17,"column":40}},"7":{"start":{"line":18,"column":22},"end":{"line":18,"column":72}},"8":{"start":{"line":19,"column":4},"end":{"line":19,"column":23}},"9":{"start":{"line":22,"column":18},"end":{"line":22,"column":38}},"10":{"start":{"line":23,"column":23},"end":{"line":23,"column":40}},"11":{"start":{"line":25,"column":2},"end":{"line":68,"column":4}},"12":{"start":{"line":32,"column":16},"end":{"line":38,"column":21}},"13":{"start":{"line":43,"column":16},"end":{"line":49,"column":21}},"14":{"start":{"line":55,"column":14},"end":{"line":62,"column":16}}},"fnMap":{"0":{"name":"HabitList","decl":{"start":{"line":6,"column":16},"end":{"line":6,"column":25}},"loc":{"start":{"line":6,"column":92},"end":{"line":69,"column":1}},"line":6},"1":{"name":"(anonymous_1)","decl":{"start":{"line":13,"column":4},"end":{"line":13,"column":5}},"loc":{"start":{"line":13,"column":14},"end":{"line":13,"column":43}},"line":13},"2":{"name":"(anonymous_2)","decl":{"start":{"line":15,"column":46},"end":{"line":15,"column":47}},"loc":{"start":{"line":15,"column":56},"end":{"line":20,"column":3}},"line":15},"3":{"name":"(anonymous_3)","decl":{"start":{"line":31,"column":32},"end":{"line":31,"column":33}},"loc":{"start":{"line":32,"column":16},"end":{"line":38,"column":21}},"line":32},"4":{"name":"(anonymous_4)","decl":{"start":{"line":42,"column":27},"end":{"line":42,"column":28}},"loc":{"start":{"line":43,"column":16},"end":{"line":49,"column":21}},"line":43},"5":{"name":"(anonymous_5)","decl":{"start":{"line":54,"column":24},"end":{"line":54,"column":25}},"loc":{"start":{"line":55,"column":14},"end":{"line":62,"column":16}},"line":55}},"branchMap":{},"s":{"0":1,"1":0,"2":0,"3":0,"4":0,"5":0,"6":0,"7":0,"8":0,"9":0,"10":0,"11":0,"12":0,"13":0,"14":0},"f":{"0":0,"1":0,"2":0,"3":0,"4":0,"5":0},"b":{},"_coverageSchema":"1a1c01bbd47fc00a2c39e90264f33305004495a9","hash":"b24f5331248ad89a42c51c80d824696c2ac96c55"}
,"D:\\projects\\productivity\\first react project\\src\\habits\\Habits.jsx": {"path":"D:\\projects\\productivity\\first react project\\src\\habits\\Habits.jsx","statementMap":{"0":{"start":{"line":8,"column":2},"end":{"line":8,"column":71}},"1":{"start":{"line":9,"column":30},"end":{"line":13,"column":4}},"2":{"start":{"line":10,"column":23},"end":{"line":10,"column":53}},"3":{"start":{"line":11,"column":4},"end":{"line":11,"column":38}},"4":{"start":{"line":11,"column":28},"end":{"line":11,"column":38}},"5":{"start":{"line":12,"column":4},"end":{"line":12,"column":34}},"6":{"start":{"line":14,"column":2},"end":{"line":16,"column":15}},"7":{"start":{"line":15,"column":4},"end":{"line":15,"column":59}},"8":{"start":{"line":18,"column":36},"end":{"line":24,"column":4}},"9":{"start":{"line":19,"column":23},"end":{"line":19,"column":56}},"10":{"start":{"line":20,"column":4},"end":{"line":20,"column":56}},"11":{"start":{"line":21,"column":4},"end":{"line":21,"column":46}},"12":{"start":{"line":21,"column":28},"end":{"line":21,"column":46}},"13":{"start":{"line":23,"column":4},"end":{"line":23,"column":34}},"14":{"start":{"line":25,"column":2},"end":{"line":27,"column":18}},"15":{"start":{"line":26,"column":4},"end":{"line":26,"column":65}},"16":{"start":{"line":29,"column":38},"end":{"line":34,"column":4}},"17":{"start":{"line":30,"column":23},"end":{"line":30,"column":57}},"18":{"start":{"line":31,"column":4},"end":{"line":31,"column":57}},"19":{"start":{"line":32,"column":4},"end":{"line":32,"column":38}},"20":{"start":{"line":32,"column":28},"end":{"line":32,"column":38}},"21":{"start":{"line":33,"column":4},"end":{"line":33,"column":34}},"22":{"start":{"line":35,"column":2},"end":{"line":38,"column":19}},"23":{"start":{"line":36,"column":4},"end":{"line":36,"column":67}},"24":{"start":{"line":37,"column":4},"end":{"line":37,"column":28}},"25":{"start":{"line":41,"column":15},"end":{"line":41,"column":34}},"26":{"start":{"line":42,"column":4},"end":{"line":50,"column":7}},"27":{"start":{"line":43,"column":6},"end":{"line":49,"column":8}},"28":{"start":{"line":51,"column":17},"end":{"line":51,"column":36}},"29":{"start":{"line":52,"column":21},"end":{"line":57,"column":6}},"30":{"start":{"line":53,"column":20},"end":{"line":53,"column":30}},"31":{"start":{"line":54,"column":6},"end":{"line":54,"column":42}},"32":{"start":{"line":55,"column":24},"end":{"line":55,"column":74}},"33":{"start":{"line":56,"column":6},"end":{"line":56,"column":25}},"34":{"start":{"line":58,"column":4},"end":{"line":69,"column":7}},"35":{"start":{"line":59,"column":6},"end":{"line":68,"column":8}},"36":{"start":{"line":65,"column":12},"end":{"line":65,"column":57}},"37":{"start":{"line":73,"column":4},"end":{"line":96,"column":5}},"38":{"start":{"line":76,"column":6},"end":{"line":76,"column":28}},"39":{"start":{"line":78,"column":19},"end":{"line":78,"column":36}},"40":{"start":{"line":79,"column":23},"end":{"line":84,"column":8}},"41":{"start":{"line":80,"column":22},"end":{"line":80,"column":32}},"42":{"start":{"line":81,"column":8},"end":{"line":81,"column":44}},"43":{"start":{"line":82,"column":26},"end":{"line":82,"column":76}},"44":{"start":{"line":83,"column":8},"end":{"line":83,"column":27}},"45":{"start":{"line":87,"column":6},"end":{"line":95,"column":13}},"46":{"start":{"line":88,"column":8},"end":{"line":95,"column":11}},"47":{"start":{"line":88,"column":38},"end":{"line":95,"column":9}},"48":{"start":{"line":91,"column":40},"end":{"line":94,"column":11}},"49":{"start":{"line":101,"column":4},"end":{"line":110,"column":5}},"50":{"start":{"line":104,"column":6},"end":{"line":106,"column":9}},"51":{"start":{"line":105,"column":8},"end":{"line":105,"column":64}},"52":{"start":{"line":105,"column":47},"end":{"line":105,"column":62}},"53":{"start":{"line":107,"column":6},"end":{"line":109,"column":9}},"54":{"start":{"line":108,"column":8},"end":{"line":108,"column":62}},"55":{"start":{"line":108,"column":48},"end":{"line":108,"column":60}},"56":{"start":{"line":114,"column":20},"end":{"line":114,"column":52}},"57":{"start":{"line":115,"column":20},"end":{"line":115,"column":31}},"58":{"start":{"line":116,"column":24},"end":{"line":116,"column":40}},"59":{"start":{"line":118,"column":4},"end":{"line":133,"column":7}},"60":{"start":{"line":119,"column":6},"end":{"line":132,"column":9}},"61":{"start":{"line":120,"column":8},"end":{"line":131,"column":9}},"62":{"start":{"line":121,"column":32},"end":{"line":127,"column":12}},"63":{"start":{"line":122,"column":12},"end":{"line":126,"column":13}},"64":{"start":{"line":123,"column":14},"end":{"line":123,"column":56}},"65":{"start":{"line":125,"column":14},"end":{"line":125,"column":27}},"66":{"start":{"line":128,"column":10},"end":{"line":128,"column":50}},"67":{"start":{"line":130,"column":10},"end":{"line":130,"column":20}},"68":{"start":{"line":135,"column":2},"end":{"line":155,"column":4}}},"fnMap":{"0":{"name":"Habits","decl":{"start":{"line":7,"column":16},"end":{"line":7,"column":22}},"loc":{"start":{"line":7,"column":25},"end":{"line":156,"column":1}},"line":7},"1":{"name":"(anonymous_1)","decl":{"start":{"line":9,"column":39},"end":{"line":9,"column":40}},"loc":{"start":{"line":9,"column":45},"end":{"line":13,"column":3}},"line":9},"2":{"name":"(anonymous_2)","decl":{"start":{"line":14,"column":12},"end":{"line":14,"column":13}},"loc":{"start":{"line":14,"column":18},"end":{"line":16,"column":3}},"line":14},"3":{"name":"(anonymous_3)","decl":{"start":{"line":18,"column":45},"end":{"line":18,"column":46}},"loc":{"start":{"line":18,"column":51},"end":{"line":24,"column":3}},"line":18},"4":{"name":"(anonymous_4)","decl":{"start":{"line":25,"column":12},"end":{"line":25,"column":13}},"loc":{"start":{"line":25,"column":18},"end":{"line":27,"column":3}},"line":25},"5":{"name":"(anonymous_5)","decl":{"start":{"line":29,"column":47},"end":{"line":29,"column":48}},"loc":{"start":{"line":29,"column":53},"end":{"line":34,"column":3}},"line":29},"6":{"name":"(anonymous_6)","decl":{"start":{"line":35,"column":12},"end":{"line":35,"column":13}},"loc":{"start":{"line":35,"column":18},"end":{"line":38,"column":3}},"line":35},"7":{"name":"addHabit","decl":{"start":{"line":40,"column":11},"end":{"line":40,"column":19}},"loc":{"start":{"line":40,"column":27},"end":{"line":70,"column":3}},"line":40},"8":{"name":"(anonymous_8)","decl":{"start":{"line":42,"column":14},"end":{"line":42,"column":15}},"loc":{"start":{"line":42,"column":33},"end":{"line":50,"column":5}},"line":42},"9":{"name":"(anonymous_9)","decl":{"start":{"line":52,"column":48},"end":{"line":52,"column":49}},"loc":{"start":{"line":52,"column":58},"end":{"line":57,"column":5}},"line":52},"10":{"name":"(anonymous_10)","decl":{"start":{"line":58,"column":18},"end":{"line":58,"column":19}},"loc":{"start":{"line":58,"column":41},"end":{"line":69,"column":5}},"line":58},"11":{"name":"(anonymous_11)","decl":{"start":{"line":64,"column":31},"end":{"line":64,"column":32}},"loc":{"start":{"line":64,"column":39},"end":{"line":66,"column":11}},"line":64},"12":{"name":"changeStartDate","decl":{"start":{"line":72,"column":11},"end":{"line":72,"column":26}},"loc":{"start":{"line":72,"column":36},"end":{"line":98,"column":5}},"line":72},"13":{"name":"(anonymous_13)","decl":{"start":{"line":79,"column":50},"end":{"line":79,"column":51}},"loc":{"start":{"line":79,"column":60},"end":{"line":84,"column":7}},"line":79},"14":{"name":"(anonymous_14)","decl":{"start":{"line":87,"column":20},"end":{"line":87,"column":21}},"loc":{"start":{"line":87,"column":26},"end":{"line":95,"column":12}},"line":87},"15":{"name":"(anonymous_15)","decl":{"start":{"line":88,"column":26},"end":{"line":88,"column":27}},"loc":{"start":{"line":88,"column":38},"end":{"line":95,"column":9}},"line":88},"16":{"name":"(anonymous_16)","decl":{"start":{"line":91,"column":31},"end":{"line":91,"column":32}},"loc":{"start":{"line":91,"column":40},"end":{"line":94,"column":11}},"line":91},"17":{"name":"deleteHabit","decl":{"start":{"line":100,"column":11},"end":{"line":100,"column":22}},"loc":{"start":{"line":100,"column":34},"end":{"line":111,"column":3}},"line":100},"18":{"name":"(anonymous_18)","decl":{"start":{"line":104,"column":16},"end":{"line":104,"column":17}},"loc":{"start":{"line":104,"column":35},"end":{"line":106,"column":7}},"line":104},"19":{"name":"(anonymous_19)","decl":{"start":{"line":105,"column":36},"end":{"line":105,"column":37}},"loc":{"start":{"line":105,"column":47},"end":{"line":105,"column":62}},"line":105},"20":{"name":"(anonymous_20)","decl":{"start":{"line":107,"column":20},"end":{"line":107,"column":21}},"loc":{"start":{"line":107,"column":43},"end":{"line":109,"column":7}},"line":107},"21":{"name":"(anonymous_21)","decl":{"start":{"line":108,"column":40},"end":{"line":108,"column":41}},"loc":{"start":{"line":108,"column":48},"end":{"line":108,"column":60}},"line":108},"22":{"name":"updateCheckboxes","decl":{"start":{"line":113,"column":17},"end":{"line":113,"column":33}},"loc":{"start":{"line":113,"column":37},"end":{"line":134,"column":3}},"line":113},"23":{"name":"(anonymous_23)","decl":{"start":{"line":118,"column":18},"end":{"line":118,"column":19}},"loc":{"start":{"line":118,"column":41},"end":{"line":133,"column":5}},"line":118},"24":{"name":"(anonymous_24)","decl":{"start":{"line":119,"column":35},"end":{"line":119,"column":36}},"loc":{"start":{"line":119,"column":43},"end":{"line":132,"column":7}},"line":119},"25":{"name":"(anonymous_25)","decl":{"start":{"line":121,"column":46},"end":{"line":121,"column":47}},"loc":{"start":{"line":121,"column":57},"end":{"line":127,"column":11}},"line":121}},"branchMap":{"0":{"loc":{"start":{"line":11,"column":4},"end":{"line":11,"column":38}},"type":"if","locations":[{"start":{"line":11,"column":4},"end":{"line":11,"column":38}},{"start":{},"end":{}}],"line":11},"1":{"loc":{"start":{"line":21,"column":4},"end":{"line":21,"column":46}},"type":"if","locations":[{"start":{"line":21,"column":4},"end":{"line":21,"column":46}},{"start":{},"end":{}}],"line":21},"2":{"loc":{"start":{"line":32,"column":4},"end":{"line":32,"column":38}},"type":"if","locations":[{"start":{"line":32,"column":4},"end":{"line":32,"column":38}},{"start":{},"end":{}}],"line":32},"3":{"loc":{"start":{"line":73,"column":4},"end":{"line":96,"column":5}},"type":"if","locations":[{"start":{"line":73,"column":4},"end":{"line":96,"column":5}},{"start":{},"end":{}}],"line":73},"4":{"loc":{"start":{"line":101,"column":4},"end":{"line":110,"column":5}},"type":"if","locations":[{"start":{"line":101,"column":4},"end":{"line":110,"column":5}},{"start":{},"end":{}}],"line":101},"5":{"loc":{"start":{"line":120,"column":8},"end":{"line":131,"column":9}},"type":"if","locations":[{"start":{"line":120,"column":8},"end":{"line":131,"column":9}},{"start":{"line":129,"column":15},"end":{"line":131,"column":9}}],"line":120},"6":{"loc":{"start":{"line":122,"column":12},"end":{"line":126,"column":13}},"type":"if","locations":[{"start":{"line":122,"column":12},"end":{"line":126,"column":13}},{"start":{"line":124,"column":19},"end":{"line":126,"column":13}}],"line":122}},"s":{"0":0,"1":0,"2":0,"3":0,"4":0,"5":0,"6":0,"7":0,"8":0,"9":0,"10":0,"11":0,"12":0,"13":0,"14":0,"15":0,"16":0,"17":0,"18":0,"19":0,"20":0,"21":0,"22":0,"23":0,"24":0,"25":0,"26":0,"27":0,"28":0,"29":0,"30":0,"31":0,"32":0,"33":0,"34":0,"35":0,"36":0,"37":0,"38":0,"39":0,"40":0,"41":0,"42":0,"43":0,"44":0,"45":0,"46":0,"47":0,"48":0,"49":0,"50":0,"51":0,"52":0,"53":0,"54":0,"55":0,"56":0,"57":0,"58":0,"59":0,"60":0,"61":0,"62":0,"63":0,"64":0,"65":0,"66":0,"67":0,"68":0},"f":{"0":0,"1":0,"2":0,"3":0,"4":0,"5":0,"6":0,"7":0,"8":0,"9":0,"10":0,"11":0,"12":0,"13":0,"14":0,"15":0,"16":0,"17":0,"18":0,"19":0,"20":0,"21":0,"22":0,"23":0,"24":0,"25":0},"b":{"0":[0,0],"1":[0,0],"2":[0,0],"3":[0,0],"4":[0,0],"5":[0,0],"6":[0,0]},"_coverageSchema":"1a1c01bbd47fc00a2c39e90264f33305004495a9","hash":"037df9469b2fcbfcfc47d6741463352346146445"}
,"D:\\projects\\productivity\\first react project\\src\\habits\\NewHabitForm.jsx": {"path":"D:\\projects\\productivity\\first react project\\src\\habits\\NewHabitForm.jsx","statementMap":{"0":{"start":{"line":4,"column":34},"end":{"line":4,"column":46}},"1":{"start":{"line":7,"column":4},"end":{"line":7,"column":23}},"2":{"start":{"line":8,"column":4},"end":{"line":8,"column":31}},"3":{"start":{"line":8,"column":25},"end":{"line":8,"column":31}},"4":{"start":{"line":9,"column":4},"end":{"line":9,"column":23}},"5":{"start":{"line":10,"column":4},"end":{"line":10,"column":20}},"6":{"start":{"line":13,"column":2},"end":{"line":27,"column":4}},"7":{"start":{"line":19,"column":27},"end":{"line":19,"column":54}}},"fnMap":{"0":{"name":"NewHabitForm","decl":{"start":{"line":3,"column":16},"end":{"line":3,"column":28}},"loc":{"start":{"line":3,"column":43},"end":{"line":28,"column":1}},"line":3},"1":{"name":"handleSubmit","decl":{"start":{"line":6,"column":11},"end":{"line":6,"column":23}},"loc":{"start":{"line":6,"column":27},"end":{"line":11,"column":3}},"line":6},"2":{"name":"(anonymous_2)","decl":{"start":{"line":19,"column":20},"end":{"line":19,"column":21}},"loc":{"start":{"line":19,"column":27},"end":{"line":19,"column":54}},"line":19}},"branchMap":{"0":{"loc":{"start":{"line":8,"column":4},"end":{"line":8,"column":31}},"type":"if","locations":[{"start":{"line":8,"column":4},"end":{"line":8,"column":31}},{"start":{},"end":{}}],"line":8}},"s":{"0":0,"1":0,"2":0,"3":0,"4":0,"5":0,"6":0,"7":0},"f":{"0":0,"1":0,"2":0},"b":{"0":[0,0]},"_coverageSchema":"1a1c01bbd47fc00a2c39e90264f33305004495a9","hash":"3f9efb38c7afbce0113ef9a676289becb7ae7d04"}
,"D:\\projects\\productivity\\first react project\\src\\table\\Table.jsx": {"path":"D:\\projects\\productivity\\first react project\\src\\table\\Table.jsx","statementMap":{"0":{"start":{"line":8,"column":15},"end":{"line":8,"column":42}},"1":{"start":{"line":8,"column":29},"end":{"line":8,"column":37}},"2":{"start":{"line":9,"column":18},"end":{"line":34,"column":8}},"3":{"start":{"line":9,"column":31},"end":{"line":34,"column":3}},"4":{"start":{"line":35,"column":77},"end":{"line":35,"column":102}},"5":{"start":{"line":38,"column":2},"end":{"line":68,"column":9}},"6":{"start":{"line":44,"column":4},"end":{"line":50,"column":9}},"7":{"start":{"line":46,"column":4},"end":{"line":48,"column":9}},"8":{"start":{"line":55,"column":8},"end":{"line":55,"column":23}},"9":{"start":{"line":56,"column":8},"end":{"line":63,"column":9}},"10":{"start":{"line":59,"column":2},"end":{"line":59,"column":57}}},"fnMap":{"0":{"name":"Table","decl":{"start":{"line":7,"column":16},"end":{"line":7,"column":21}},"loc":{"start":{"line":7,"column":24},"end":{"line":69,"column":1}},"line":7},"1":{"name":"(anonymous_1)","decl":{"start":{"line":8,"column":23},"end":{"line":8,"column":24}},"loc":{"start":{"line":8,"column":29},"end":{"line":8,"column":37}},"line":8},"2":{"name":"(anonymous_2)","decl":{"start":{"line":9,"column":26},"end":{"line":9,"column":27}},"loc":{"start":{"line":9,"column":31},"end":{"line":34,"column":3}},"line":9},"3":{"name":"(anonymous_3)","decl":{"start":{"line":43,"column":18},"end":{"line":43,"column":19}},"loc":{"start":{"line":44,"column":4},"end":{"line":50,"column":9}},"line":44},"4":{"name":"(anonymous_4)","decl":{"start":{"line":45,"column":25},"end":{"line":45,"column":26}},"loc":{"start":{"line":46,"column":4},"end":{"line":48,"column":9}},"line":46},"5":{"name":"(anonymous_5)","decl":{"start":{"line":54,"column":14},"end":{"line":54,"column":15}},"loc":{"start":{"line":54,"column":23},"end":{"line":64,"column":5}},"line":54},"6":{"name":"(anonymous_6)","decl":{"start":{"line":58,"column":15},"end":{"line":58,"column":16}},"loc":{"start":{"line":59,"column":2},"end":{"line":59,"column":57}},"line":59}},"branchMap":{},"s":{"0":0,"1":0,"2":0,"3":0,"4":0,"5":0,"6":0,"7":0,"8":0,"9":0,"10":0},"f":{"0":0,"1":0,"2":0,"3":0,"4":0,"5":0,"6":0},"b":{},"_coverageSchema":"1a1c01bbd47fc00a2c39e90264f33305004495a9","hash":"325517dde8476dd567500aa525e253f1619a0cc4"}
,"D:\\projects\\productivity\\first react project\\src\\todo\\Motivation.jsx": {"path":"D:\\projects\\productivity\\first react project\\src\\todo\\Motivation.jsx","statementMap":{"0":{"start":{"line":2,"column":4},"end":{"line":19,"column":7}}},"fnMap":{"0":{"name":"Motivation","decl":{"start":{"line":1,"column":16},"end":{"line":1,"column":26}},"loc":{"start":{"line":1,"column":29},"end":{"line":20,"column":1}},"line":1}},"branchMap":{},"s":{"0":1},"f":{"0":1},"b":{},"_coverageSchema":"1a1c01bbd47fc00a2c39e90264f33305004495a9","hash":"6d4628c7f94297435141e2cbca6a764ce4f607f0"}
,"D:\\projects\\productivity\\first react project\\src\\todo\\NewTodoForm.jsx": {"path":"D:\\projects\\productivity\\first react project\\src\\todo\\NewTodoForm.jsx","statementMap":{"0":{"start":{"line":4,"column":32},"end":{"line":4,"column":44}},"1":{"start":{"line":7,"column":4},"end":{"line":7,"column":23}},"2":{"start":{"line":8,"column":4},"end":{"line":8,"column":31}},"3":{"start":{"line":8,"column":24},"end":{"line":8,"column":31}},"4":{"start":{"line":9,"column":4},"end":{"line":9,"column":22}},"5":{"start":{"line":10,"column":4},"end":{"line":10,"column":19}},"6":{"start":{"line":13,"column":2},"end":{"line":26,"column":4}},"7":{"start":{"line":19,"column":25},"end":{"line":19,"column":51}}},"fnMap":{"0":{"name":"NewTodoForm","decl":{"start":{"line":3,"column":16},"end":{"line":3,"column":27}},"loc":{"start":{"line":3,"column":42},"end":{"line":27,"column":1}},"line":3},"1":{"name":"handleSubmit","decl":{"start":{"line":6,"column":11},"end":{"line":6,"column":23}},"loc":{"start":{"line":6,"column":27},"end":{"line":11,"column":3}},"line":6},"2":{"name":"(anonymous_2)","decl":{"start":{"line":19,"column":18},"end":{"line":19,"column":19}},"loc":{"start":{"line":19,"column":25},"end":{"line":19,"column":51}},"line":19}},"branchMap":{"0":{"loc":{"start":{"line":8,"column":4},"end":{"line":8,"column":31}},"type":"if","locations":[{"start":{"line":8,"column":4},"end":{"line":8,"column":31}},{"start":{},"end":{}}],"line":8}},"s":{"0":1,"1":0,"2":0,"3":0,"4":0,"5":0,"6":1,"7":0},"f":{"0":1,"1":0,"2":0},"b":{"0":[0,0]},"_coverageSchema":"1a1c01bbd47fc00a2c39e90264f33305004495a9","hash":"ecff82f27540bf3d9a1101eeb8522dfc931a52d2"}
,"D:\\projects\\productivity\\first react project\\src\\todo\\Pictures.jsx": {"path":"D:\\projects\\productivity\\first react project\\src\\todo\\Pictures.jsx","statementMap":{"0":{"start":{"line":9,"column":4},"end":{"line":21,"column":5}}},"fnMap":{"0":{"name":"Pictures","decl":{"start":{"line":7,"column":16},"end":{"line":7,"column":24}},"loc":{"start":{"line":7,"column":27},"end":{"line":22,"column":1}},"line":7}},"branchMap":{},"s":{"0":1},"f":{"0":1},"b":{},"_coverageSchema":"1a1c01bbd47fc00a2c39e90264f33305004495a9","hash":"04c680e0dd40f52d3a091019940ef9014c449cd6"}
,"D:\\projects\\productivity\\first react project\\src\\todo\\TodoApp.jsx": {"path":"D:\\projects\\productivity\\first react project\\src\\todo\\TodoApp.jsx","statementMap":{"0":{"start":{"line":10,"column":34},"end":{"line":14,"column":10}},"1":{"start":{"line":11,"column":29},"end":{"line":11,"column":58}},"2":{"start":{"line":12,"column":10},"end":{"line":12,"column":44}},"3":{"start":{"line":12,"column":34},"end":{"line":12,"column":44}},"4":{"start":{"line":13,"column":10},"end":{"line":13,"column":40}},"5":{"start":{"line":15,"column":8},"end":{"line":17,"column":20}},"6":{"start":{"line":16,"column":10},"end":{"line":16,"column":63}},"7":{"start":{"line":20,"column":10},"end":{"line":30,"column":13}},"8":{"start":{"line":21,"column":12},"end":{"line":28,"column":14}},"9":{"start":{"line":35,"column":10},"end":{"line":43,"column":13}},"10":{"start":{"line":36,"column":12},"end":{"line":42,"column":15}},"11":{"start":{"line":37,"column":14},"end":{"line":40,"column":15}},"12":{"start":{"line":38,"column":16},"end":{"line":38,"column":46}},"13":{"start":{"line":41,"column":14},"end":{"line":41,"column":26}},"14":{"start":{"line":48,"column":10},"end":{"line":50,"column":13}},"15":{"start":{"line":49,"column":12},"end":{"line":49,"column":65}},"16":{"start":{"line":49,"column":49},"end":{"line":49,"column":63}},"17":{"start":{"line":56,"column":8},"end":{"line":73,"column":10}}},"fnMap":{"0":{"name":"TodoApp","decl":{"start":{"line":8,"column":16},"end":{"line":8,"column":23}},"loc":{"start":{"line":8,"column":26},"end":{"line":75,"column":1}},"line":8},"1":{"name":"(anonymous_1)","decl":{"start":{"line":10,"column":43},"end":{"line":10,"column":44}},"loc":{"start":{"line":10,"column":49},"end":{"line":14,"column":9}},"line":10},"2":{"name":"(anonymous_2)","decl":{"start":{"line":15,"column":18},"end":{"line":15,"column":19}},"loc":{"start":{"line":15,"column":24},"end":{"line":17,"column":9}},"line":15},"3":{"name":"addTodo","decl":{"start":{"line":19,"column":17},"end":{"line":19,"column":24}},"loc":{"start":{"line":19,"column":32},"end":{"line":31,"column":9}},"line":19},"4":{"name":"(anonymous_4)","decl":{"start":{"line":20,"column":19},"end":{"line":20,"column":20}},"loc":{"start":{"line":20,"column":37},"end":{"line":30,"column":11}},"line":20},"5":{"name":"toggleTodo","decl":{"start":{"line":33,"column":17},"end":{"line":33,"column":27}},"loc":{"start":{"line":33,"column":43},"end":{"line":45,"column":9}},"line":33},"6":{"name":"(anonymous_6)","decl":{"start":{"line":35,"column":19},"end":{"line":35,"column":20}},"loc":{"start":{"line":35,"column":37},"end":{"line":43,"column":11}},"line":35},"7":{"name":"(anonymous_7)","decl":{"start":{"line":36,"column":36},"end":{"line":36,"column":37}},"loc":{"start":{"line":36,"column":46},"end":{"line":42,"column":13}},"line":36},"8":{"name":"deleteTodo","decl":{"start":{"line":47,"column":17},"end":{"line":47,"column":27}},"loc":{"start":{"line":47,"column":32},"end":{"line":51,"column":9}},"line":47},"9":{"name":"(anonymous_9)","decl":{"start":{"line":48,"column":19},"end":{"line":48,"column":20}},"loc":{"start":{"line":48,"column":37},"end":{"line":50,"column":11}},"line":48},"10":{"name":"(anonymous_10)","decl":{"start":{"line":49,"column":39},"end":{"line":49,"column":40}},"loc":{"start":{"line":49,"column":49},"end":{"line":49,"column":63}},"line":49}},"branchMap":{"0":{"loc":{"start":{"line":12,"column":10},"end":{"line":12,"column":44}},"type":"if","locations":[{"start":{"line":12,"column":10},"end":{"line":12,"column":44}},{"start":{},"end":{}}],"line":12},"1":{"loc":{"start":{"line":37,"column":14},"end":{"line":40,"column":15}},"type":"if","locations":[{"start":{"line":37,"column":14},"end":{"line":40,"column":15}},{"start":{},"end":{}}],"line":37}},"s":{"0":1,"1":1,"2":1,"3":1,"4":0,"5":1,"6":1,"7":0,"8":0,"9":0,"10":0,"11":0,"12":0,"13":0,"14":0,"15":0,"16":0,"17":1},"f":{"0":1,"1":1,"2":1,"3":0,"4":0,"5":0,"6":0,"7":0,"8":0,"9":0,"10":0},"b":{"0":[1,0],"1":[0,0]},"_coverageSchema":"1a1c01bbd47fc00a2c39e90264f33305004495a9","hash":"7b93457f33acf3f20a2745bb672e55d85588f51f"}
,"D:\\projects\\productivity\\first react project\\src\\todo\\TodoItem.jsx": {"path":"D:\\projects\\productivity\\first react project\\src\\todo\\TodoItem.jsx","statementMap":{"0":{"start":{"line":3,"column":4},"end":{"line":19,"column":7}},"1":{"start":{"line":9,"column":25},"end":{"line":9,"column":57}},"2":{"start":{"line":14,"column":21},"end":{"line":14,"column":35}}},"fnMap":{"0":{"name":"TodoItem","decl":{"start":{"line":1,"column":16},"end":{"line":1,"column":24}},"loc":{"start":{"line":1,"column":73},"end":{"line":20,"column":1}},"line":1},"1":{"name":"(anonymous_1)","decl":{"start":{"line":9,"column":18},"end":{"line":9,"column":19}},"loc":{"start":{"line":9,"column":25},"end":{"line":9,"column":57}},"line":9},"2":{"name":"(anonymous_2)","decl":{"start":{"line":14,"column":15},"end":{"line":14,"column":16}},"loc":{"start":{"line":14,"column":21},"end":{"line":14,"column":35}},"line":14}},"branchMap":{},"s":{"0":0,"1":0,"2":0},"f":{"0":0,"1":0,"2":0},"b":{},"_coverageSchema":"1a1c01bbd47fc00a2c39e90264f33305004495a9","hash":"22334239abcff0b38b41ffea2f141486df6d432b"}
,"D:\\projects\\productivity\\first react project\\src\\todo\\TodoList.jsx": {"path":"D:\\projects\\productivity\\first react project\\src\\todo\\TodoList.jsx","statementMap":{"0":{"start":{"line":4,"column":0},"end":{"line":11,"column":5}},"1":{"start":{"line":7,"column":2},"end":{"line":9,"column":4}}},"fnMap":{"0":{"name":"TodoList","decl":{"start":{"line":3,"column":16},"end":{"line":3,"column":24}},"loc":{"start":{"line":3,"column":58},"end":{"line":12,"column":1}},"line":3},"1":{"name":"(anonymous_1)","decl":{"start":{"line":6,"column":11},"end":{"line":6,"column":12}},"loc":{"start":{"line":6,"column":21},"end":{"line":10,"column":1}},"line":6}},"branchMap":{"0":{"loc":{"start":{"line":5,"column":1},"end":{"line":5,"column":60}},"type":"binary-expr","locations":[{"start":{"line":5,"column":1},"end":{"line":5,"column":19}},{"start":{"line":5,"column":23},"end":{"line":5,"column":60}}],"line":5}},"s":{"0":1,"1":0},"f":{"0":1,"1":0},"b":{"0":[1,1]},"_coverageSchema":"1a1c01bbd47fc00a2c39e90264f33305004495a9","hash":"c52d87c193fd203c9ece60b8ce035f21b67ac380"}
,"D:\\projects\\productivity\\first react project\\src\\welcome\\Welcome.jsx": {"path":"D:\\projects\\productivity\\first react project\\src\\welcome\\Welcome.jsx","statementMap":{"0":{"start":{"line":4,"column":4},"end":{"line":7,"column":7}}},"fnMap":{"0":{"name":"Welcome","decl":{"start":{"line":3,"column":16},"end":{"line":3,"column":23}},"loc":{"start":{"line":3,"column":26},"end":{"line":8,"column":1}},"line":3}},"branchMap":{},"s":{"0":2},"f":{"0":2},"b":{},"_coverageSchema":"1a1c01bbd47fc00a2c39e90264f33305004495a9","hash":"348ae9eaf3318053caf5dc0f12253ae3fb40806d"}
}
