TN:
SF:src\App.jsx
FN:14,(anonymous_0)
FNF:1
FNH:1
FNDA:1,(anonymous_0)
DA:14,1
DA:16,1
DA:25,1
LF:3
LH:3
BRF:0
BRH:0
end_of_record
TN:
SF:src\main.jsx
FNF:0
FNH:0
DA:7,0
LF:1
LH:0
BRF:0
BRH:0
end_of_record
TN:
SF:src\finance\AddNew.jsx
FN:3,AddNew
FNF:1
FNH:0
FNDA:0,AddNew
DA:4,0
LF:1
LH:0
BRF:0
BRH:0
end_of_record
TN:
SF:src\finance\AllRecords.jsx
FN:1,AllRecords
FNF:1
FNH:0
FNDA:0,AllRecords
DA:2,0
LF:1
LH:0
BRF:0
BRH:0
end_of_record
TN:
SF:src\finance\FinanceApp.jsx
FN:14,FinanceApp
FN:21,(anonymous_1)
FN:33,(anonymous_2)
FNF:3
FNH:0
FNDA:0,FinanceApp
FNDA:0,(anonymous_1)
FNDA:0,(anonymous_2)
DA:8,1
DA:15,0
DA:16,0
DA:17,0
DA:19,0
DA:21,0
DA:22,0
DA:25,0
DA:28,0
DA:33,0
DA:34,0
DA:35,0
DA:38,0
LF:13
LH:1
BRDA:22,0,0,0
BRDA:22,0,1,0
BRDA:25,1,0,0
BRDA:25,1,1,0
BRDA:28,2,0,0
BRDA:28,2,1,0
BRDA:48,3,0,0
BRDA:48,3,1,0
BRDA:49,4,0,0
BRDA:49,4,1,0
BRDA:50,5,0,0
BRDA:50,5,1,0
BRF:12
BRH:0
end_of_record
TN:
SF:src\finance\NewSpendingForm.jsx
FN:3,NewSpendingForm
FN:8,handleSubmit
FN:19,(anonymous_2)
FN:28,(anonymous_3)
FNF:4
FNH:0
FNDA:0,NewSpendingForm
FNDA:0,handleSubmit
FNDA:0,(anonymous_2)
FNDA:0,(anonymous_3)
DA:4,0
DA:5,0
DA:6,0
DA:9,0
DA:10,0
DA:11,0
DA:15,0
DA:19,0
DA:28,0
LF:9
LH:0
BRDA:10,0,0,0
BRDA:10,0,1,0
BRDA:10,1,0,0
BRDA:10,1,1,0
BRF:4
BRH:0
end_of_record
TN:
SF:src\finance\Stats.jsx
FN:1,Stats
FNF:1
FNH:0
FNDA:0,Stats
DA:2,0
LF:1
LH:0
BRF:0
BRH:0
end_of_record
TN:
SF:src\global\AddElement.jsx
FN:3,AddElement
FN:6,handleSubmit
FN:16,(anonymous_2)
FNF:3
FNH:0
FNDA:0,AddElement
FNDA:0,handleSubmit
FNDA:0,(anonymous_2)
DA:4,0
DA:7,0
DA:8,0
DA:9,0
DA:10,0
DA:13,0
DA:16,0
LF:7
LH:0
BRDA:8,0,0,0
BRDA:8,0,1,0
BRF:2
BRH:0
end_of_record
TN:
SF:src\global\Menu.jsx
FN:30,Menu
FN:34,(anonymous_1)
FNF:2
FNH:2
FNDA:3,Menu
FNDA:18,(anonymous_1)
DA:3,1
DA:31,3
DA:32,3
DA:35,18
LF:4
LH:4
BRF:0
BRH:0
end_of_record
TN:
SF:src\habits\ChangeDateForm.jsx
FN:3,ChangeDateForm
FN:5,handleSubmit
FN:17,(anonymous_2)
FNF:3
FNH:0
FNDA:0,ChangeDateForm
FNDA:0,handleSubmit
FNDA:0,(anonymous_2)
DA:4,0
DA:6,0
DA:7,0
DA:8,0
DA:11,0
DA:17,0
LF:6
LH:0
BRDA:7,0,0,0
BRDA:7,0,1,0
BRF:2
BRH:0
end_of_record
TN:
SF:src\habits\HabitLine.jsx
FN:3,HabitLine
FN:10,(anonymous_1)
FN:12,(anonymous_2)
FN:19,(anonymous_3)
FN:20,(anonymous_4)
FN:26,(anonymous_5)
FNF:6
FNH:0
FNDA:0,HabitLine
FNDA:0,(anonymous_1)
FNDA:0,(anonymous_2)
FNDA:0,(anonymous_3)
FNDA:0,(anonymous_4)
FNDA:0,(anonymous_5)
DA:4,0
DA:5,0
DA:12,0
DA:13,0
DA:14,0
DA:19,0
DA:20,0
DA:26,0
LF:8
LH:0
BRF:0
BRH:0
end_of_record
TN:
SF:src\habits\HabitList.jsx
FN:6,HabitList
FN:13,(anonymous_1)
FN:15,(anonymous_2)
FN:31,(anonymous_3)
FN:42,(anonymous_4)
FN:54,(anonymous_5)
FNF:6
FNH:0
FNDA:0,HabitList
FNDA:0,(anonymous_1)
FNDA:0,(anonymous_2)
FNDA:0,(anonymous_3)
FNDA:0,(anonymous_4)
FNDA:0,(anonymous_5)
DA:4,1
DA:10,0
DA:11,0
DA:13,0
DA:15,0
DA:16,0
DA:17,0
DA:18,0
DA:19,0
DA:22,0
DA:23,0
DA:25,0
DA:32,0
DA:43,0
DA:55,0
LF:15
LH:1
BRF:0
BRH:0
end_of_record
TN:
SF:src\habits\Habits.jsx
FN:7,Habits
FN:9,(anonymous_1)
FN:14,(anonymous_2)
FN:18,(anonymous_3)
FN:25,(anonymous_4)
FN:29,(anonymous_5)
FN:35,(anonymous_6)
FN:40,addHabit
FN:42,(anonymous_8)
FN:52,(anonymous_9)
FN:58,(anonymous_10)
FN:64,(anonymous_11)
FN:72,changeStartDate
FN:79,(anonymous_13)
FN:87,(anonymous_14)
FN:88,(anonymous_15)
FN:91,(anonymous_16)
FN:100,deleteHabit
FN:104,(anonymous_18)
FN:105,(anonymous_19)
FN:107,(anonymous_20)
FN:108,(anonymous_21)
FN:113,updateCheckboxes
FN:118,(anonymous_23)
FN:119,(anonymous_24)
FN:121,(anonymous_25)
FNF:26
FNH:0
FNDA:0,Habits
FNDA:0,(anonymous_1)
FNDA:0,(anonymous_2)
FNDA:0,(anonymous_3)
FNDA:0,(anonymous_4)
FNDA:0,(anonymous_5)
FNDA:0,(anonymous_6)
FNDA:0,addHabit
FNDA:0,(anonymous_8)
FNDA:0,(anonymous_9)
FNDA:0,(anonymous_10)
FNDA:0,(anonymous_11)
FNDA:0,changeStartDate
FNDA:0,(anonymous_13)
FNDA:0,(anonymous_14)
FNDA:0,(anonymous_15)
FNDA:0,(anonymous_16)
FNDA:0,deleteHabit
FNDA:0,(anonymous_18)
FNDA:0,(anonymous_19)
FNDA:0,(anonymous_20)
FNDA:0,(anonymous_21)
FNDA:0,updateCheckboxes
FNDA:0,(anonymous_23)
FNDA:0,(anonymous_24)
FNDA:0,(anonymous_25)
DA:8,0
DA:9,0
DA:10,0
DA:11,0
DA:12,0
DA:14,0
DA:15,0
DA:18,0
DA:19,0
DA:20,0
DA:21,0
DA:23,0
DA:25,0
DA:26,0
DA:29,0
DA:30,0
DA:31,0
DA:32,0
DA:33,0
DA:35,0
DA:36,0
DA:37,0
DA:41,0
DA:42,0
DA:43,0
DA:51,0
DA:52,0
DA:53,0
DA:54,0
DA:55,0
DA:56,0
DA:58,0
DA:59,0
DA:65,0
DA:73,0
DA:76,0
DA:78,0
DA:79,0
DA:80,0
DA:81,0
DA:82,0
DA:83,0
DA:87,0
DA:88,0
DA:91,0
DA:101,0
DA:104,0
DA:105,0
DA:107,0
DA:108,0
DA:114,0
DA:115,0
DA:116,0
DA:118,0
DA:119,0
DA:120,0
DA:121,0
DA:122,0
DA:123,0
DA:125,0
DA:128,0
DA:130,0
DA:135,0
LF:63
LH:0
BRDA:11,0,0,0
BRDA:11,0,1,0
BRDA:21,1,0,0
BRDA:21,1,1,0
BRDA:32,2,0,0
BRDA:32,2,1,0
BRDA:73,3,0,0
BRDA:73,3,1,0
BRDA:101,4,0,0
BRDA:101,4,1,0
BRDA:120,5,0,0
BRDA:120,5,1,0
BRDA:122,6,0,0
BRDA:122,6,1,0
BRF:14
BRH:0
end_of_record
TN:
SF:src\habits\NewHabitForm.jsx
FN:3,NewHabitForm
FN:6,handleSubmit
FN:19,(anonymous_2)
FNF:3
FNH:0
FNDA:0,NewHabitForm
FNDA:0,handleSubmit
FNDA:0,(anonymous_2)
DA:4,0
DA:7,0
DA:8,0
DA:9,0
DA:10,0
DA:13,0
DA:19,0
LF:7
LH:0
BRDA:8,0,0,0
BRDA:8,0,1,0
BRF:2
BRH:0
end_of_record
TN:
SF:src\table\Table.jsx
FN:7,Table
FN:8,(anonymous_1)
FN:9,(anonymous_2)
FN:43,(anonymous_3)
FN:45,(anonymous_4)
FN:54,(anonymous_5)
FN:58,(anonymous_6)
FNF:7
FNH:0
FNDA:0,Table
FNDA:0,(anonymous_1)
FNDA:0,(anonymous_2)
FNDA:0,(anonymous_3)
FNDA:0,(anonymous_4)
FNDA:0,(anonymous_5)
FNDA:0,(anonymous_6)
DA:8,0
DA:9,0
DA:35,0
DA:38,0
DA:44,0
DA:46,0
DA:55,0
DA:56,0
DA:59,0
LF:9
LH:0
BRF:0
BRH:0
end_of_record
TN:
SF:src\todo\Motivation.jsx
FN:1,Motivation
FNF:1
FNH:1
FNDA:1,Motivation
DA:2,1
LF:1
LH:1
BRF:0
BRH:0
end_of_record
TN:
SF:src\todo\NewTodoForm.jsx
FN:3,NewTodoForm
FN:6,handleSubmit
FN:19,(anonymous_2)
FNF:3
FNH:1
FNDA:1,NewTodoForm
FNDA:0,handleSubmit
FNDA:0,(anonymous_2)
DA:4,1
DA:7,0
DA:8,0
DA:9,0
DA:10,0
DA:13,1
DA:19,0
LF:7
LH:2
BRDA:8,0,0,0
BRDA:8,0,1,0
BRF:2
BRH:0
end_of_record
TN:
SF:src\todo\Pictures.jsx
FN:7,Pictures
FNF:1
FNH:1
FNDA:1,Pictures
DA:9,1
LF:1
LH:1
BRF:0
BRH:0
end_of_record
TN:
SF:src\todo\TodoApp.jsx
FN:8,TodoApp
FN:10,(anonymous_1)
FN:15,(anonymous_2)
FN:19,addTodo
FN:20,(anonymous_4)
FN:33,toggleTodo
FN:35,(anonymous_6)
FN:36,(anonymous_7)
FN:47,deleteTodo
FN:48,(anonymous_9)
FN:49,(anonymous_10)
FNF:11
FNH:3
FNDA:1,TodoApp
FNDA:1,(anonymous_1)
FNDA:1,(anonymous_2)
FNDA:0,addTodo
FNDA:0,(anonymous_4)
FNDA:0,toggleTodo
FNDA:0,(anonymous_6)
FNDA:0,(anonymous_7)
FNDA:0,deleteTodo
FNDA:0,(anonymous_9)
FNDA:0,(anonymous_10)
DA:10,1
DA:11,1
DA:12,1
DA:13,0
DA:15,1
DA:16,1
DA:20,0
DA:21,0
DA:35,0
DA:36,0
DA:37,0
DA:38,0
DA:41,0
DA:48,0
DA:49,0
DA:56,1
LF:16
LH:6
BRDA:12,0,0,1
BRDA:12,0,1,0
BRDA:37,1,0,0
BRDA:37,1,1,0
BRF:4
BRH:1
end_of_record
TN:
SF:src\todo\TodoItem.jsx
FN:1,TodoItem
FN:9,(anonymous_1)
FN:14,(anonymous_2)
FNF:3
FNH:0
FNDA:0,TodoItem
FNDA:0,(anonymous_1)
FNDA:0,(anonymous_2)
DA:3,0
DA:9,0
DA:14,0
LF:3
LH:0
BRF:0
BRH:0
end_of_record
TN:
SF:src\todo\TodoList.jsx
FN:3,TodoList
FN:6,(anonymous_1)
FNF:2
FNH:1
FNDA:1,TodoList
FNDA:0,(anonymous_1)
DA:4,1
DA:7,0
LF:2
LH:1
BRDA:5,0,0,1
BRDA:5,0,1,1
BRF:2
BRH:2
end_of_record
TN:
SF:src\welcome\Welcome.jsx
FN:3,Welcome
FNF:1
FNH:1
FNDA:2,Welcome
DA:4,2
LF:1
LH:1
BRF:0
BRH:0
end_of_record
